
================================================================================
MULTI-SEED TRAINING AND EVALUATION
================================================================================
Number of seeds: 2
Starting seed: 42
Skip training: False
Results directory: seed_results
================================================================================


################################################################################
EXPERIMENT 1/2 - SEED 42
################################################################################


[Step 1/3] Training basic model...

################################################################################
TRAINING BASIC LENET - SEED 42
################################################################################

================================================================================
Training Basic LeNet (seed 42)
Command: /home/boyan/anaconda3/bin/python train.py --epochs 3 --batch_size 128 --lr 0.001 --aug basic
================================================================================
Using device: cuda
GPU: NVIDIA GeForce RTX 4060 Laptop GPU

Configuration:
  Augmentation strategies: basic
  Epochs: 3
  Batch size: 128
  Learning rate: 0.001
  Compare mode: False

============================================================
Training with BASIC augmentation
============================================================
Strategy: Basic augmentation (rotation, color jitter)

Loading datasets...
Total images: 39209
Training samples: 35288
Validation samples: 3921

Initializing model 'mobilenetv2_025'...
Model parameters: 53,979

Starting training for 3 epochs...

Epoch [1/3]
Train Loss: 2.9869, Train Acc: 17.21%
Val Loss: 2.2197, Val Acc: 32.64%
Gap: -15.44%
Best model saved: trained_models/best_mobilenetv2_025_basic.pth (Val Acc: 32.64%)

Epoch [2/3]
Train Loss: 1.7286, Train Acc: 44.92%
Val Loss: 1.3133, Val Acc: 55.37%
Gap: -10.44%
Best model saved: trained_models/best_mobilenetv2_025_basic.pth (Val Acc: 55.37%)

Epoch [3/3]
Train Loss: 1.1001, Train Acc: 64.73%
Val Loss: 0.7573, Val Acc: 76.05%
Gap: -11.32%
Best model saved: trained_models/best_mobilenetv2_025_basic.pth (Val Acc: 76.05%)

============================================================
Training completed for BASIC
============================================================
Best validation accuracy: 76.05%
Final train-val gap: -11.32%
No overfitting detected

============================================================
Training with BASIC augmentation
============================================================
Strategy: Basic augmentation (rotation, color jitter)

Loading datasets...
Total images: 39209
Training samples: 35288
Validation samples: 3921

Initializing model 'lenet'...
Model parameters: 624,715

Starting training for 3 epochs...

Epoch [1/3]
Train Loss: 2.2630, Train Acc: 33.41%
Val Loss: 1.1739, Val Acc: 62.61%
Gap: -29.21%
Best model saved: trained_models/best_lenet_basic.pth (Val Acc: 62.61%)

Epoch [2/3]
Train Loss: 0.8688, Train Acc: 70.81%
Val Loss: 0.3747, Val Acc: 89.75%
Gap: -18.94%
Best model saved: trained_models/best_lenet_basic.pth (Val Acc: 89.75%)

Epoch [3/3]
Train Loss: 0.4241, Train Acc: 85.95%
Val Loss: 0.1805, Val Acc: 96.07%
Gap: -10.13%
Best model saved: trained_models/best_lenet_basic.pth (Val Acc: 96.07%)

============================================================
Training completed for BASIC
============================================================
Best validation accuracy: 96.07%
Final train-val gap: -10.13%
No overfitting detected

============================================================
Training with BASIC augmentation
============================================================
Strategy: Basic augmentation (rotation, color jitter)

Loading datasets...
Total images: 39209
Training samples: 35288
Validation samples: 3921

Initializing model 'minivgg'...
Model parameters: 4,806,731

Starting training for 3 epochs...

Epoch [1/3]
Train Loss: 1.7819, Train Acc: 47.87%
Val Loss: 0.2772, Val Acc: 92.86%
Gap: -44.99%
Best model saved: trained_models/best_minivgg_basic.pth (Val Acc: 92.86%)

Epoch [2/3]
Train Loss: 0.2763, Train Acc: 91.27%
Val Loss: 0.0677, Val Acc: 98.27%
Gap: -6.99%
Best model saved: trained_models/best_minivgg_basic.pth (Val Acc: 98.27%)

Epoch [3/3]
Train Loss: 0.1285, Train Acc: 96.02%
Val Loss: 0.0322, Val Acc: 99.29%
Gap: -3.27%
Best model saved: trained_models/best_minivgg_basic.pth (Val Acc: 99.29%)

============================================================
Training completed for BASIC
============================================================
Best validation accuracy: 99.29%
Final train-val gap: -3.27%
No overfitting detected

============================================================
Training with BASIC augmentation
============================================================
Strategy: Basic augmentation (rotation, color jitter)

Loading datasets...
Total images: 39209
Training samples: 35288
Validation samples: 3921

Initializing model 'mobilenetv4_small'...
Model parameters: 1,658,507

Starting training for 3 epochs...

Epoch [1/3]
Train Loss: 1.4887, Train Acc: 56.56%
Val Loss: 0.5981, Val Acc: 82.25%
Gap: -25.69%
Best model saved: trained_models/best_mobilenetv4_small_basic.pth (Val Acc: 82.25%)

Epoch [2/3]
Train Loss: 0.3152, Train Acc: 90.41%
Val Loss: 0.2648, Val Acc: 92.55%
Gap: -2.14%
Best model saved: trained_models/best_mobilenetv4_small_basic.pth (Val Acc: 92.55%)

Epoch [3/3]
Train Loss: 0.1629, Train Acc: 95.16%
Val Loss: 0.1826, Val Acc: 94.62%
Gap: 0.54%
Best model saved: trained_models/best_mobilenetv4_small_basic.pth (Val Acc: 94.62%)

============================================================
Training completed for BASIC
============================================================
Best validation accuracy: 94.62%
Final train-val gap: 0.54%
No overfitting detected

================================================================================
COMPARISON OF AUGMENTATION STRATEGIES
================================================================================

Strategy        Description                                        Best Val   Final Gap 
-------------------------------------------------------------------------------------
basic           Basic augmentation (rotation, color jitter)           76.05%   -11.32%
basic           Basic augmentation (rotation, color jitter)           96.07%   -10.13%
basic           Basic augmentation (rotation, color jitter)           99.29%    -3.27%
basic           Basic augmentation (rotation, color jitter)           94.62%     0.54%

================================================================================

Best Strategy: BASIC
  Validation Accuracy: 99.29%
  Train-Val Gap: -3.27%

Least Overfitting: BASIC
  Train-Val Gap: -11.32%
  Validation Accuracy: 76.05%

================================================================================

Detailed results saved to: ./results/comparison_results_20251113_174427.json
Training Summary - 2025-11-13 17:44:27
Model                Augmentation     Parameters Time(mins)  BestVal(%) FinalTrain(%) FinalVal(%)   FLOPs(G) Throughput(img/s)   PeakGPU_MB   PeakCPU_MB
------------------------------------------------------------------------------------------------------------------------------------------
mobilenetv2_025      basic                53,979       0.20       76.05         64.73       76.05      0.002        86624.64         53.2       1393.4
lenet                basic               624,715       0.18       96.07         85.95       96.07      0.007       111899.63         66.0       1424.3
minivgg              basic             4,806,731       0.34       99.29         96.02       99.29      0.060        14337.87        165.8       1446.5
mobilenetv4_small    basic             1,658,507       0.35       94.62         95.16       94.62      0.011        24310.46         45.1       1524.4

STDERR: 
Training:   0%|          | 0/276 [00:00<?, ?it/s]
Training:   0%|          | 1/276 [00:00<02:02,  2.24it/s]
Training:   4%|▎         | 10/276 [00:00<00:11, 23.52it/s]
Training:   7%|▋         | 20/276 [00:00<00:05, 42.97it/s]
Training:  11%|█         | 30/276 [00:00<00:04, 57.85it/s]
Training:  14%|█▍        | 40/276 [00:00<00:03, 68.51it/s]
Training:  18%|█▊        | 49/276 [00:00<00:03, 74.27it/s]
Training:  21%|██        | 58/276 [00:01<00:02, 76.56it/s]
Training:  25%|██▍       | 68/276 [00:01<00:02, 81.49it/s]
Training:  28%|██▊       | 78/276 [00:01<00:02, 85.38it/s]
Training:  32%|███▏      | 88/276 [00:01<00:02, 87.30it/s]
Training:  36%|███▌      | 98/276 [00:01<00:02, 87.64it/s]
Training:  39%|███▉      | 108/276 [00:01<00:01, 89.02it/s]
Training:  43%|████▎     | 118/276 [00:01<00:01, 90.89it/s]
Training:  46%|████▋     | 128/276 [00:01<00:01, 93.15it/s]
Training:  50%|█████     | 139/276 [00:01<00:01, 96.37it/s]
Training:  54%|█████▍    | 149/276 [00:02<00:01, 96.65it/s]
Training:  58%|█████▊    | 159/276 [00:02<00:01, 96.48it/s]
Training:  61%|██████    | 169/276 [00:02<00:01, 95.75it/s]
Training:  65%|██████▍   | 179/276 [00:02<00:01, 96.53it/s]
Training:  68%|██████▊   | 189/276 [00:02<00:00, 95.22it/s]
Training:  72%|███████▏  | 199/276 [00:02<00:00, 93.61it/s]
Training:  76%|███████▌  | 209/276 [00:02<00:00, 92.52it/s]
Training:  79%|███████▉  | 219/276 [00:02<00:00, 92.56it/s]
Training:  83%|████████▎ | 229/276 [00:02<00:00, 92.37it/s]
Training:  87%|████████▋ | 239/276 [00:02<00:00, 92.67it/s]
Training:  90%|█████████ | 249/276 [00:03<00:00, 91.72it/s]
Training:  94%|█████████▍| 259/276 [00:03<00:00, 90.96it/s]
Training:  97%|█████████▋| 269/276 [00:03<00:00, 91.03it/s]
                                                           

Validation:   0%|          | 0/31 [00:00<?, ?it/s]
Validation:   3%|▎         | 1/31 [00:00<00:03,  9.02it/s]
Validation:  29%|██▉       | 9/31 [00:00<00:00, 48.26it/s]
Validation:  55%|█████▍    | 17/31 [00:00<00:00, 61.50it/s]
Validation:  81%|████████  | 25/31 [00:00<00:00, 68.30it/s]
                                                           

Training:   0%|          | 0/276 [00:00<?, ?it/s]
Training:   0%|          | 1/276 [00:00<00:29,  9.21it/s]
Training:   4%|▎         | 10/276 [00:00<00:04, 54.22it/s]
Training:   7%|▋         | 20/276 [00:00<00:03, 71.35it/s]
Training:  11%|█         | 30/276 [00:00<00:03, 80.74it/s]
Training:  14%|█▍        | 40/276 [00:00<00:02, 86.43it/s]
Training:  18%|█▊        | 49/276 [00:00<00:02, 86.14it/s]
Training:  21%|██        | 58/276 [00:00<00:02, 83.78it/s]
Training:  24%|██▍       | 67/276 [00:00<00:02, 78.95it/s]
Training:  28%|██▊       | 77/276 [00:00<00:02, 81.70it/s]
Training:  31%|███       | 86/276 [00:01<00:02, 81.30it/s]
Training:  34%|███▍      | 95/276 [00:01<00:02, 80.91it/s]
Training:  38%|███▊      | 104/276 [00:01<00:02, 81.28it/s]
Training:  41%|████      | 113/276 [00:01<00:02, 80.54it/s]
Training:  45%|████▍     | 123/276 [00:01<00:01, 84.34it/s]
Training:  48%|████▊     | 133/276 [00:01<00:01, 88.11it/s]
Training:  52%|█████▏    | 143/276 [00:01<00:01, 90.34it/s]
Training:  55%|█████▌    | 153/276 [00:01<00:01, 92.81it/s]
Training:  59%|█████▉    | 163/276 [00:01<00:01, 94.50it/s]
Training:  63%|██████▎   | 173/276 [00:02<00:01, 93.59it/s]
Training:  66%|██████▋   | 183/276 [00:02<00:00, 94.34it/s]
Training:  70%|██████▉   | 193/276 [00:02<00:00, 87.81it/s]
Training:  73%|███████▎  | 202/276 [00:02<00:00, 84.70it/s]
Training:  76%|███████▋  | 211/276 [00:02<00:00, 79.64it/s]
Training:  80%|████████  | 221/276 [00:02<00:00, 83.56it/s]
Training:  84%|████████▎ | 231/276 [00:02<00:00, 85.88it/s]
Training:  87%|████████▋ | 241/276 [00:02<00:00, 86.74it/s]
Training:  91%|█████████ | 250/276 [00:02<00:00, 84.51it/s]
Training:  94%|█████████▍| 259/276 [00:03<00:00, 83.77it/s]
Training:  97%|█████████▋| 268/276 [00:03<00:00, 85.04it/s]
                                                           

Validation:   0%|          | 0/31 [00:00<?, ?it/s]
Validation:  10%|▉         | 3/31 [00:00<00:00, 28.67it/s]
Validation:  42%|████▏     | 13/31 [00:00<00:00, 64.66it/s]
Validation:  74%|███████▍  | 23/31 [00:00<00:00, 75.57it/s]
                                                           

Training:   0%|          | 0/276 [00:00<?, ?it/s]
Training:   1%|          | 3/276 [00:00<00:10, 26.95it/s]
Training:   4%|▍         | 12/276 [00:00<00:04, 60.46it/s]
Training:   8%|▊         | 21/276 [00:00<00:03, 69.52it/s]
Training:  11%|█         | 31/276 [00:00<00:03, 76.98it/s]
Training:  14%|█▍        | 39/276 [00:00<00:03, 77.17it/s]
Training:  17%|█▋        | 48/276 [00:00<00:02, 79.43it/s]
Training:  20%|██        | 56/276 [00:00<00:02, 79.26it/s]
Training:  23%|██▎       | 64/276 [00:00<00:02, 78.03it/s]
Training:  26%|██▌       | 72/276 [00:00<00:02, 76.79it/s]
Training:  29%|██▉       | 80/276 [00:01<00:02, 77.51it/s]
Training:  32%|███▏      | 89/276 [00:01<00:02, 78.69it/s]
Training:  36%|███▌      | 98/276 [00:01<00:02, 81.87it/s]
Training:  39%|███▉      | 107/276 [00:01<00:02, 82.59it/s]
Training:  42%|████▏     | 117/276 [00:01<00:01, 84.90it/s]
Training:  46%|████▌     | 126/276 [00:01<00:01, 86.28it/s]
Training:  49%|████▉     | 136/276 [00:01<00:01, 87.92it/s]
Training:  53%|█████▎    | 146/276 [00:01<00:01, 89.42it/s]
Training:  56%|█████▌    | 155/276 [00:01<00:01, 88.12it/s]
Training:  60%|█████▉    | 165/276 [00:02<00:01, 87.86it/s]
Training:  63%|██████▎   | 174/276 [00:02<00:01, 87.84it/s]
Training:  67%|██████▋   | 184/276 [00:02<00:01, 89.46it/s]
Training:  70%|███████   | 194/276 [00:02<00:00, 92.33it/s]
Training:  74%|███████▍  | 204/276 [00:02<00:00, 92.36it/s]
Training:  78%|███████▊  | 214/276 [00:02<00:00, 88.15it/s]
Training:  81%|████████  | 223/276 [00:02<00:00, 85.59it/s]
Training:  84%|████████▍ | 232/276 [00:02<00:00, 80.51it/s]
Training:  88%|████████▊ | 242/276 [00:02<00:00, 84.19it/s]
Training:  91%|█████████ | 251/276 [00:03<00:00, 85.16it/s]
Training:  95%|█████████▍| 261/276 [00:03<00:00, 87.95it/s]
Training:  98%|█████████▊| 271/276 [00:03<00:00, 90.20it/s]
                                                           

Validation:   0%|          | 0/31 [00:00<?, ?it/s]
Validation:  10%|▉         | 3/31 [00:00<00:01, 26.58it/s]
Validation:  39%|███▊      | 12/31 [00:00<00:00, 59.79it/s]
Validation:  68%|██████▊   | 21/31 [00:00<00:00, 68.39it/s]
Validation: 100%|██████████| 31/31 [00:00<00:00, 76.96it/s]
                                                           

Training:   0%|          | 0/276 [00:00<?, ?it/s]
Training:   0%|          | 1/276 [00:00<00:32,  8.49it/s]
Training:   4%|▍         | 12/276 [00:00<00:04, 62.18it/s]
Training:   8%|▊         | 22/276 [00:00<00:03, 76.33it/s]
Training:  12%|█▏        | 32/276 [00:00<00:03, 81.19it/s]
Training:  15%|█▌        | 42/276 [00:00<00:02, 83.68it/s]
Training:  19%|█▉        | 52/276 [00:00<00:02, 86.30it/s]
Training:  22%|██▏       | 62/276 [00:00<00:02, 89.99it/s]
Training:  26%|██▌       | 72/276 [00:00<00:02, 88.97it/s]
Training:  30%|██▉       | 82/276 [00:00<00:02, 90.23it/s]
Training:  33%|███▎      | 92/276 [00:01<00:02, 91.19it/s]
Training:  37%|███▋      | 102/276 [00:01<00:01, 92.68it/s]
Training:  41%|████      | 112/276 [00:01<00:01, 91.22it/s]
Training:  44%|████▍     | 122/276 [00:01<00:01, 92.19it/s]
Training:  48%|████▊     | 132/276 [00:01<00:01, 93.17it/s]
Training:  51%|█████▏    | 142/276 [00:01<00:01, 94.01it/s]
Training:  55%|█████▌    | 152/276 [00:01<00:01, 91.20it/s]
Training:  59%|█████▊    | 162/276 [00:01<00:01, 88.23it/s]
Training:  62%|██████▏   | 172/276 [00:01<00:01, 87.71it/s]
Training:  66%|██████▌   | 182/276 [00:02<00:01, 88.89it/s]
Training:  70%|██████▉   | 192/276 [00:02<00:00, 89.34it/s]
Training:  73%|███████▎  | 202/276 [00:02<00:00, 90.17it/s]
Training:  77%|███████▋  | 212/276 [00:02<00:00, 90.68it/s]
Training:  80%|████████  | 222/276 [00:02<00:00, 91.24it/s]
Training:  84%|████████▍ | 232/276 [00:02<00:00, 91.49it/s]
Training:  88%|████████▊ | 242/276 [00:02<00:00, 91.38it/s]
Training:  91%|█████████▏| 252/276 [00:02<00:00, 92.41it/s]
Training:  95%|█████████▍| 262/276 [00:02<00:00, 92.33it/s]
Training:  99%|█████████▊| 272/276 [00:03<00:00, 92.80it/s]
                                                           

Validation:   0%|          | 0/31 [00:00<?, ?it/s]
Validation:  10%|▉         | 3/31 [00:00<00:01, 27.82it/s]
Validation:  42%|████▏     | 13/31 [00:00<00:00, 61.18it/s]
Validation:  74%|███████▍  | 23/31 [00:00<00:00, 72.58it/s]
                                                           

Training:   0%|          | 0/276 [00:00<?, ?it/s]
Training:   1%|          | 3/276 [00:00<00:10, 26.37it/s]
Training:   4%|▍         | 12/276 [00:00<00:04, 60.77it/s]
Training:   8%|▊         | 22/276 [00:00<00:03, 73.22it/s]
Training:  12%|█▏        | 32/276 [00:00<00:03, 79.88it/s]
Training:  15%|█▌        | 42/276 [00:00<00:02, 86.56it/s]
Training:  19%|█▉        | 52/276 [00:00<00:02, 89.47it/s]
Training:  22%|██▏       | 62/276 [00:00<00:02, 91.14it/s]
Training:  26%|██▌       | 72/276 [00:00<00:02, 90.61it/s]
Training:  30%|██▉       | 82/276 [00:00<00:02, 90.74it/s]
Training:  33%|███▎      | 92/276 [00:01<00:02, 90.92it/s]
Training:  37%|███▋      | 102/276 [00:01<00:01, 91.01it/s]
Training:  41%|████      | 112/276 [00:01<00:01, 91.07it/s]
Training:  44%|████▍     | 122/276 [00:01<00:01, 92.21it/s]
Training:  48%|████▊     | 132/276 [00:01<00:01, 93.25it/s]
Training:  51%|█████▏    | 142/276 [00:01<00:01, 93.38it/s]
Training:  55%|█████▌    | 152/276 [00:01<00:01, 93.49it/s]
Training:  59%|█████▊    | 162/276 [00:01<00:01, 93.42it/s]
Training:  62%|██████▏   | 172/276 [00:01<00:01, 94.99it/s]
Training:  66%|██████▌   | 182/276 [00:02<00:00, 95.62it/s]
Training:  70%|██████▉   | 192/276 [00:02<00:00, 93.03it/s]
Training:  73%|███████▎  | 202/276 [00:02<00:00, 89.04it/s]
Training:  77%|███████▋  | 212/276 [00:02<00:00, 89.62it/s]
Training:  80%|████████  | 222/276 [00:02<00:00, 89.18it/s]
Training:  84%|████████▍ | 232/276 [00:02<00:00, 88.90it/s]
Training:  88%|████████▊ | 242/276 [00:02<00:00, 89.19it/s]
Training:  91%|█████████▏| 252/276 [00:02<00:00, 88.49it/s]
Training:  95%|█████████▍| 262/276 [00:02<00:00, 89.53it/s]
Training:  99%|█████████▊| 272/276 [00:03<00:00, 90.24it/s]
                                                           

Validation:   0%|          | 0/31 [00:00<?, ?it/s]
Validation:  10%|▉         | 3/31 [00:00<00:01, 27.92it/s]
Validation:  42%|████▏     | 13/31 [00:00<00:00, 64.58it/s]
Validation:  74%|███████▍  | 23/31 [00:00<00:00, 75.92it/s]
                                                           

Training:   0%|          | 0/276 [00:00<?, ?it/s]
Training:   1%|          | 2/276 [00:00<00:13, 19.84it/s]
Training:   4%|▍         | 11/276 [00:00<00:04, 58.12it/s]
Training:   8%|▊         | 21/276 [00:00<00:03, 72.44it/s]
Training:  11%|█         | 31/276 [00:00<00:03, 78.72it/s]
Training:  15%|█▍        | 41/276 [00:00<00:02, 84.53it/s]
Training:  18%|█▊        | 51/276 [00:00<00:02, 86.78it/s]
Training:  22%|██▏       | 61/276 [00:00<00:02, 88.96it/s]
Training:  26%|██▌       | 71/276 [00:00<00:02, 92.04it/s]
Training:  29%|██▉       | 81/276 [00:00<00:02, 94.05it/s]
Training:  33%|███▎      | 91/276 [00:01<00:01, 95.43it/s]
Training:  37%|███▋      | 101/276 [00:01<00:01, 95.49it/s]
Training:  40%|████      | 111/276 [00:01<00:01, 92.05it/s]
Training:  44%|████▍     | 121/276 [00:01<00:01, 89.40it/s]
Training:  47%|████▋     | 130/276 [00:01<00:01, 88.32it/s]
Training:  50%|█████     | 139/276 [00:01<00:01, 86.46it/s]
Training:  54%|█████▍    | 149/276 [00:01<00:01, 86.52it/s]
Training:  58%|█████▊    | 159/276 [00:01<00:01, 86.20it/s]
Training:  61%|██████    | 169/276 [00:01<00:01, 86.59it/s]
Training:  65%|██████▍   | 179/276 [00:02<00:01, 86.20it/s]
Training:  68%|██████▊   | 189/276 [00:02<00:00, 87.87it/s]
Training:  72%|███████▏  | 199/276 [00:02<00:00, 89.34it/s]
Training:  76%|███████▌  | 209/276 [00:02<00:00, 91.10it/s]
Training:  79%|███████▉  | 219/276 [00:02<00:00, 90.17it/s]
Training:  83%|████████▎ | 229/276 [00:02<00:00, 91.42it/s]
Training:  87%|████████▋ | 239/276 [00:02<00:00, 90.10it/s]
Training:  90%|█████████ | 249/276 [00:02<00:00, 89.95it/s]
Training:  94%|█████████▍| 259/276 [00:02<00:00, 89.22it/s]
Training:  97%|█████████▋| 269/276 [00:03<00:00, 88.07it/s]
                                                           

Validation:   0%|          | 0/31 [00:00<?, ?it/s]
Validation:  10%|▉         | 3/31 [00:00<00:01, 27.10it/s]
Validation:  42%|████▏     | 13/31 [00:00<00:00, 62.71it/s]
Validation:  74%|███████▍  | 23/31 [00:00<00:00, 73.23it/s]
                                                           

Training:   0%|          | 0/276 [00:00<?, ?it/s]
Training:   0%|          | 1/276 [00:00<00:42,  6.41it/s]
Training:   3%|▎         | 7/276 [00:00<00:08, 30.20it/s]
Training:   5%|▍         | 13/276 [00:00<00:06, 39.20it/s]
Training:   7%|▋         | 19/276 [00:00<00:05, 43.61it/s]
Training:   9%|▉         | 25/276 [00:00<00:05, 46.15it/s]
Training:  11%|█         | 31/276 [00:00<00:05, 47.75it/s]
Training:  13%|█▎        | 37/276 [00:00<00:04, 48.96it/s]
Training:  16%|█▌        | 43/276 [00:00<00:04, 49.62it/s]
Training:  17%|█▋        | 48/276 [00:01<00:04, 49.48it/s]
Training:  19%|█▉        | 53/276 [00:01<00:04, 49.31it/s]
Training:  21%|██        | 58/276 [00:01<00:04, 49.19it/s]
Training:  23%|██▎       | 63/276 [00:01<00:04, 49.34it/s]
Training:  25%|██▍       | 68/276 [00:01<00:04, 49.51it/s]
Training:  27%|██▋       | 74/276 [00:01<00:04, 49.81it/s]
Training:  29%|██▉       | 80/276 [00:01<00:03, 49.96it/s]
Training:  31%|███       | 86/276 [00:01<00:03, 50.05it/s]
Training:  33%|███▎      | 92/276 [00:01<00:03, 50.26it/s]
Training:  36%|███▌      | 98/276 [00:02<00:03, 50.07it/s]
Training:  38%|███▊      | 104/276 [00:02<00:03, 49.57it/s]
Training:  39%|███▉      | 109/276 [00:02<00:03, 49.49it/s]
Training:  41%|████▏     | 114/276 [00:02<00:03, 49.51it/s]
Training:  43%|████▎     | 120/276 [00:02<00:03, 49.68it/s]
Training:  46%|████▌     | 126/276 [00:02<00:03, 49.84it/s]
Training:  47%|████▋     | 131/276 [00:02<00:02, 49.87it/s]
Training:  50%|████▉     | 137/276 [00:02<00:02, 49.95it/s]
Training:  52%|█████▏    | 143/276 [00:02<00:02, 50.01it/s]
Training:  54%|█████▍    | 149/276 [00:03<00:02, 49.81it/s]
Training:  56%|█████▌    | 154/276 [00:03<00:02, 49.68it/s]
Training:  58%|█████▊    | 159/276 [00:03<00:02, 49.57it/s]
Training:  59%|█████▉    | 164/276 [00:03<00:02, 49.61it/s]
Training:  61%|██████    | 169/276 [00:03<00:02, 49.64it/s]
Training:  63%|██████▎   | 175/276 [00:03<00:02, 49.87it/s]
Training:  66%|██████▌   | 181/276 [00:03<00:01, 50.09it/s]
Training:  68%|██████▊   | 187/276 [00:03<00:01, 50.22it/s]
Training:  70%|██████▉   | 193/276 [00:03<00:01, 50.15it/s]
Training:  72%|███████▏  | 199/276 [00:04<00:01, 49.85it/s]
Training:  74%|███████▍  | 204/276 [00:04<00:01, 49.59it/s]
Training:  76%|███████▌  | 209/276 [00:04<00:01, 49.52it/s]
Training:  78%|███████▊  | 214/276 [00:04<00:01, 49.61it/s]
Training:  79%|███████▉  | 219/276 [00:04<00:01, 49.68it/s]
Training:  82%|████████▏ | 225/276 [00:04<00:01, 49.87it/s]
Training:  84%|████████▎ | 231/276 [00:04<00:00, 49.97it/s]
Training:  86%|████████▌ | 236/276 [00:04<00:00, 49.89it/s]
Training:  87%|████████▋ | 241/276 [00:04<00:00, 49.86it/s]
Training:  89%|████████▉ | 246/276 [00:05<00:00, 49.73it/s]
Training:  91%|█████████ | 251/276 [00:05<00:00, 49.48it/s]
Training:  93%|█████████▎| 256/276 [00:05<00:00, 49.42it/s]
Training:  95%|█████████▍| 261/276 [00:05<00:00, 49.45it/s]
Training:  96%|█████████▋| 266/276 [00:05<00:00, 49.39it/s]
Training:  98%|█████████▊| 271/276 [00:05<00:00, 49.47it/s]
                                                           

Validation:   0%|          | 0/31 [00:00<?, ?it/s]
Validation:   3%|▎         | 1/31 [00:00<00:03,  8.48it/s]
Validation:  32%|███▏      | 10/31 [00:00<00:00, 52.53it/s]
Validation:  61%|██████▏   | 19/31 [00:00<00:00, 66.43it/s]
Validation:  87%|████████▋ | 27/31 [00:00<00:00, 70.87it/s]
                                                           

Training:   0%|          | 0/276 [00:00<?, ?it/s]
Training:   0%|          | 1/276 [00:00<00:32,  8.41it/s]
Training:   3%|▎         | 7/276 [00:00<00:07, 34.45it/s]
Training:   5%|▍         | 13/276 [00:00<00:06, 41.98it/s]
Training:   7%|▋         | 19/276 [00:00<00:05, 45.49it/s]
Training:   9%|▉         | 25/276 [00:00<00:05, 47.26it/s]
Training:  11%|█         | 30/276 [00:00<00:05, 47.22it/s]
Training:  13%|█▎        | 35/276 [00:00<00:05, 47.57it/s]
Training:  14%|█▍        | 40/276 [00:00<00:04, 47.84it/s]
Training:  16%|█▋        | 45/276 [00:01<00:04, 48.02it/s]
Training:  18%|█▊        | 50/276 [00:01<00:04, 47.81it/s]
Training:  20%|█▉        | 55/276 [00:01<00:04, 47.83it/s]
Training:  22%|██▏       | 60/276 [00:01<00:04, 47.96it/s]
Training:  24%|██▍       | 66/276 [00:01<00:04, 48.76it/s]
Training:  26%|██▌       | 71/276 [00:01<00:04, 48.86it/s]
Training:  28%|██▊       | 76/276 [00:01<00:04, 48.78it/s]
Training:  29%|██▉       | 81/276 [00:01<00:03, 49.00it/s]
Training:  32%|███▏      | 87/276 [00:01<00:03, 49.56it/s]
Training:  34%|███▎      | 93/276 [00:01<00:03, 49.70it/s]
Training:  36%|███▌      | 98/276 [00:02<00:03, 49.58it/s]
Training:  37%|███▋      | 103/276 [00:02<00:03, 49.65it/s]
Training:  39%|███▉      | 109/276 [00:02<00:03, 49.95it/s]
Training:  42%|████▏     | 115/276 [00:02<00:03, 50.42it/s]
Training:  44%|████▍     | 121/276 [00:02<00:03, 50.37it/s]
Training:  46%|████▌     | 127/276 [00:02<00:02, 50.07it/s]
Training:  48%|████▊     | 133/276 [00:02<00:02, 50.24it/s]
Training:  50%|█████     | 139/276 [00:02<00:02, 49.79it/s]
Training:  53%|█████▎    | 145/276 [00:03<00:02, 49.81it/s]
Training:  54%|█████▍    | 150/276 [00:03<00:02, 49.77it/s]
Training:  56%|█████▌    | 155/276 [00:03<00:02, 49.81it/s]
Training:  58%|█████▊    | 161/276 [00:03<00:02, 50.19it/s]
Training:  61%|██████    | 167/276 [00:03<00:02, 50.32it/s]
Training:  63%|██████▎   | 173/276 [00:03<00:02, 50.14it/s]
Training:  65%|██████▍   | 179/276 [00:03<00:01, 50.03it/s]
Training:  67%|██████▋   | 185/276 [00:03<00:01, 46.97it/s]
Training:  69%|██████▉   | 190/276 [00:03<00:01, 43.78it/s]
Training:  71%|███████   | 195/276 [00:04<00:02, 38.68it/s]
Training:  72%|███████▏  | 199/276 [00:04<00:02, 36.38it/s]
Training:  74%|███████▎  | 203/276 [00:04<00:02, 35.44it/s]
Training:  75%|███████▌  | 207/276 [00:04<00:02, 34.24it/s]
Training:  76%|███████▋  | 211/276 [00:04<00:01, 33.50it/s]
Training:  78%|███████▊  | 216/276 [00:04<00:01, 35.58it/s]
Training:  80%|████████  | 221/276 [00:04<00:01, 37.20it/s]
Training:  82%|████████▏ | 226/276 [00:05<00:01, 38.48it/s]
Training:  84%|████████▎ | 231/276 [00:05<00:01, 38.94it/s]
Training:  85%|████████▌ | 235/276 [00:05<00:01, 39.12it/s]
Training:  87%|████████▋ | 240/276 [00:05<00:00, 39.86it/s]
Training:  89%|████████▉ | 245/276 [00:05<00:00, 40.02it/s]
Training:  91%|█████████ | 250/276 [00:05<00:00, 39.30it/s]
Training:  92%|█████████▏| 254/276 [00:05<00:00, 39.32it/s]
Training:  94%|█████████▍| 259/276 [00:05<00:00, 39.81it/s]
Training:  96%|█████████▌| 264/276 [00:05<00:00, 40.32it/s]
Training:  97%|█████████▋| 269/276 [00:06<00:00, 40.43it/s]
Training:  99%|█████████▉| 274/276 [00:06<00:00, 40.23it/s]
                                                           

Validation:   0%|          | 0/31 [00:00<?, ?it/s]
Validation:   3%|▎         | 1/31 [00:00<00:03,  8.72it/s]
Validation:  26%|██▌       | 8/31 [00:00<00:00, 42.15it/s]
Validation:  48%|████▊     | 15/31 [00:00<00:00, 48.42it/s]
Validation:  68%|██████▊   | 21/31 [00:00<00:00, 51.94it/s]
Validation:  90%|█████████ | 28/31 [00:00<00:00, 57.19it/s]
                                                           

Training:   0%|          | 0/276 [00:00<?, ?it/s]
Training:   0%|          | 1/276 [00:00<00:29,  9.21it/s]
Training:   2%|▏         | 5/276 [00:00<00:10, 25.67it/s]
Training:   3%|▎         | 9/276 [00:00<00:09, 29.25it/s]
Training:   5%|▍         | 13/276 [00:00<00:08, 30.74it/s]
Training:   6%|▌         | 17/276 [00:00<00:08, 31.54it/s]
Training:   8%|▊         | 21/276 [00:00<00:07, 32.46it/s]
Training:   9%|▉         | 26/276 [00:00<00:07, 35.42it/s]
Training:  11%|█         | 31/276 [00:00<00:06, 39.22it/s]
Training:  13%|█▎        | 36/276 [00:01<00:05, 41.88it/s]
Training:  15%|█▍        | 41/276 [00:01<00:05, 43.96it/s]
Training:  17%|█▋        | 46/276 [00:01<00:05, 45.38it/s]
Training:  18%|█▊        | 51/276 [00:01<00:04, 46.35it/s]
Training:  20%|██        | 56/276 [00:01<00:04, 47.21it/s]
Training:  22%|██▏       | 62/276 [00:01<00:04, 48.44it/s]
Training:  24%|██▍       | 67/276 [00:01<00:04, 48.68it/s]
Training:  26%|██▌       | 72/276 [00:01<00:04, 48.82it/s]
Training:  28%|██▊       | 77/276 [00:01<00:04, 48.89it/s]
Training:  30%|██▉       | 82/276 [00:01<00:03, 48.96it/s]
Training:  32%|███▏      | 88/276 [00:02<00:03, 49.41it/s]
Training:  34%|███▍      | 94/276 [00:02<00:03, 49.96it/s]
Training:  36%|███▌      | 100/276 [00:02<00:03, 50.27it/s]
Training:  38%|███▊      | 106/276 [00:02<00:03, 50.45it/s]
Training:  41%|████      | 112/276 [00:02<00:03, 50.57it/s]
Training:  43%|████▎     | 118/276 [00:02<00:03, 50.23it/s]
Training:  45%|████▍     | 124/276 [00:02<00:03, 49.86it/s]
Training:  47%|████▋     | 129/276 [00:02<00:03, 45.53it/s]
Training:  49%|████▊     | 134/276 [00:03<00:03, 42.98it/s]
Training:  50%|█████     | 139/276 [00:03<00:03, 38.00it/s]
Training:  52%|█████▏    | 143/276 [00:03<00:03, 36.30it/s]
Training:  53%|█████▎    | 147/276 [00:03<00:03, 34.88it/s]
Training:  55%|█████▍    | 151/276 [00:03<00:03, 34.13it/s]
Training:  56%|█████▌    | 155/276 [00:03<00:03, 34.53it/s]
Training:  58%|█████▊    | 160/276 [00:03<00:03, 36.42it/s]
Training:  60%|█████▉    | 165/276 [00:03<00:02, 37.70it/s]
Training:  61%|██████    | 169/276 [00:04<00:02, 38.18it/s]
Training:  63%|██████▎   | 173/276 [00:04<00:02, 38.39it/s]
Training:  64%|██████▍   | 178/276 [00:04<00:02, 39.08it/s]
Training:  66%|██████▋   | 183/276 [00:04<00:02, 39.51it/s]
Training:  68%|██████▊   | 188/276 [00:04<00:02, 39.67it/s]
Training:  70%|██████▉   | 192/276 [00:04<00:02, 39.38it/s]
Training:  71%|███████   | 196/276 [00:04<00:02, 39.42it/s]
Training:  73%|███████▎  | 201/276 [00:04<00:01, 39.74it/s]
Training:  75%|███████▍  | 206/276 [00:04<00:01, 39.91it/s]
Training:  76%|███████▌  | 210/276 [00:05<00:01, 39.85it/s]
Training:  78%|███████▊  | 214/276 [00:05<00:01, 39.89it/s]
Training:  79%|███████▉  | 219/276 [00:05<00:01, 40.03it/s]
Training:  81%|████████  | 224/276 [00:05<00:01, 40.20it/s]
Training:  83%|████████▎ | 229/276 [00:05<00:01, 39.21it/s]
Training:  85%|████████▍ | 234/276 [00:05<00:01, 40.04it/s]
Training:  87%|████████▋ | 239/276 [00:05<00:00, 40.05it/s]
Training:  88%|████████▊ | 244/276 [00:05<00:00, 40.11it/s]
Training:  90%|█████████ | 249/276 [00:06<00:00, 40.06it/s]
Training:  92%|█████████▏| 254/276 [00:06<00:00, 40.16it/s]
Training:  94%|█████████▍| 259/276 [00:06<00:00, 40.22it/s]
Training:  96%|█████████▌| 264/276 [00:06<00:00, 40.41it/s]
Training:  97%|█████████▋| 269/276 [00:06<00:00, 39.90it/s]
Training:  99%|█████████▉| 274/276 [00:06<00:00, 40.23it/s]
                                                           

Validation:   0%|          | 0/31 [00:00<?, ?it/s]
Validation:   6%|▋         | 2/31 [00:00<00:01, 19.75it/s]
Validation:  35%|███▌      | 11/31 [00:00<00:00, 59.22it/s]
Validation:  68%|██████▊   | 21/31 [00:00<00:00, 72.86it/s]
                                                           

Training:   0%|          | 0/276 [00:00<?, ?it/s]
Training:   0%|          | 1/276 [00:00<01:06,  4.13it/s]
Training:   2%|▏         | 6/276 [00:00<00:13, 20.74it/s]
Training:   4%|▍         | 11/276 [00:00<00:09, 29.13it/s]
Training:   6%|▌         | 16/276 [00:00<00:07, 34.10it/s]
Training:   8%|▊         | 21/276 [00:00<00:06, 37.14it/s]
Training:   9%|▉         | 26/276 [00:00<00:06, 39.03it/s]
Training:  11%|█         | 31/276 [00:00<00:06, 40.56it/s]
Training:  13%|█▎        | 36/276 [00:01<00:05, 41.54it/s]
Training:  15%|█▍        | 41/276 [00:01<00:05, 41.78it/s]
Training:  17%|█▋        | 46/276 [00:01<00:05, 41.89it/s]
Training:  18%|█▊        | 51/276 [00:01<00:05, 42.26it/s]
Training:  20%|██        | 56/276 [00:01<00:05, 42.47it/s]
Training:  22%|██▏       | 61/276 [00:01<00:05, 42.76it/s]
Training:  24%|██▍       | 66/276 [00:01<00:04, 43.05it/s]
Training:  26%|██▌       | 71/276 [00:01<00:04, 43.36it/s]
Training:  28%|██▊       | 76/276 [00:01<00:04, 43.29it/s]
Training:  29%|██▉       | 81/276 [00:02<00:04, 43.15it/s]
Training:  31%|███       | 86/276 [00:02<00:04, 43.02it/s]
Training:  33%|███▎      | 91/276 [00:02<00:04, 43.08it/s]
Training:  35%|███▍      | 96/276 [00:02<00:04, 43.18it/s]
Training:  37%|███▋      | 101/276 [00:02<00:04, 43.28it/s]
Training:  38%|███▊      | 106/276 [00:02<00:03, 43.43it/s]
Training:  40%|████      | 111/276 [00:02<00:03, 43.51it/s]
Training:  42%|████▏     | 116/276 [00:02<00:03, 43.36it/s]
Training:  44%|████▍     | 121/276 [00:03<00:03, 43.20it/s]
Training:  46%|████▌     | 126/276 [00:03<00:03, 43.13it/s]
Training:  47%|████▋     | 131/276 [00:03<00:03, 43.01it/s]
Training:  49%|████▉     | 136/276 [00:03<00:03, 43.16it/s]
Training:  51%|█████     | 141/276 [00:03<00:03, 43.32it/s]
Training:  53%|█████▎    | 146/276 [00:03<00:02, 43.44it/s]
Training:  55%|█████▍    | 151/276 [00:03<00:02, 43.56it/s]
Training:  57%|█████▋    | 156/276 [00:03<00:02, 43.70it/s]
Training:  58%|█████▊    | 161/276 [00:03<00:02, 43.19it/s]
Training:  60%|██████    | 166/276 [00:04<00:02, 42.84it/s]
Training:  62%|██████▏   | 171/276 [00:04<00:02, 42.52it/s]
Training:  64%|██████▍   | 176/276 [00:04<00:02, 41.99it/s]
Training:  66%|██████▌   | 181/276 [00:04<00:02, 42.38it/s]
Training:  67%|██████▋   | 186/276 [00:04<00:02, 42.63it/s]
Training:  69%|██████▉   | 191/276 [00:04<00:01, 43.02it/s]
Training:  71%|███████   | 196/276 [00:04<00:01, 43.26it/s]
Training:  73%|███████▎  | 201/276 [00:04<00:01, 43.23it/s]
Training:  75%|███████▍  | 206/276 [00:04<00:01, 43.21it/s]
Training:  76%|███████▋  | 211/276 [00:05<00:01, 43.30it/s]
Training:  78%|███████▊  | 216/276 [00:05<00:01, 43.43it/s]
Training:  80%|████████  | 221/276 [00:05<00:01, 43.11it/s]
Training:  82%|████████▏ | 226/276 [00:05<00:01, 42.80it/s]
Training:  84%|████████▎ | 231/276 [00:05<00:01, 42.81it/s]
Training:  86%|████████▌ | 236/276 [00:05<00:00, 42.78it/s]
Training:  87%|████████▋ | 241/276 [00:05<00:00, 42.57it/s]
Training:  89%|████████▉ | 246/276 [00:05<00:00, 42.11it/s]
Training:  91%|█████████ | 251/276 [00:06<00:00, 41.76it/s]
Training:  93%|█████████▎| 256/276 [00:06<00:00, 42.01it/s]
Training:  95%|█████████▍| 261/276 [00:06<00:00, 42.39it/s]
Training:  96%|█████████▋| 266/276 [00:06<00:00, 42.67it/s]
Training:  98%|█████████▊| 271/276 [00:06<00:00, 42.98it/s]
Training: 100%|██████████| 276/276 [00:06<00:00, 41.45it/s]
                                                           

Validation:   0%|          | 0/31 [00:00<?, ?it/s]
Validation:   6%|▋         | 2/31 [00:00<00:01, 19.01it/s]
Validation:  35%|███▌      | 11/31 [00:00<00:00, 57.63it/s]
Validation:  68%|██████▊   | 21/31 [00:00<00:00, 72.83it/s]
Validation: 100%|██████████| 31/31 [00:00<00:00, 79.97it/s]
                                                           

Training:   0%|          | 0/276 [00:00<?, ?it/s]
Training:   0%|          | 1/276 [00:00<00:31,  8.67it/s]
Training:   2%|▏         | 6/276 [00:00<00:09, 29.79it/s]
Training:   4%|▍         | 11/276 [00:00<00:07, 35.88it/s]
Training:   6%|▌         | 16/276 [00:00<00:06, 38.65it/s]
Training:   8%|▊         | 21/276 [00:00<00:06, 40.12it/s]
Training:   9%|▉         | 26/276 [00:00<00:06, 41.42it/s]
Training:  11%|█         | 31/276 [00:00<00:05, 42.29it/s]
Training:  13%|█▎        | 36/276 [00:00<00:05, 42.77it/s]
Training:  15%|█▍        | 41/276 [00:01<00:05, 42.78it/s]
Training:  17%|█▋        | 46/276 [00:01<00:05, 42.49it/s]
Training:  18%|█▊        | 51/276 [00:01<00:05, 42.52it/s]
Training:  20%|██        | 56/276 [00:01<00:05, 42.54it/s]
Training:  22%|██▏       | 61/276 [00:01<00:05, 42.58it/s]
Training:  24%|██▍       | 66/276 [00:01<00:04, 42.56it/s]
Training:  26%|██▌       | 71/276 [00:01<00:04, 42.18it/s]
Training:  28%|██▊       | 76/276 [00:01<00:04, 42.32it/s]
Training:  29%|██▉       | 81/276 [00:01<00:04, 42.04it/s]
Training:  31%|███       | 86/276 [00:02<00:04, 41.64it/s]
Training:  33%|███▎      | 91/276 [00:02<00:04, 42.14it/s]
Training:  35%|███▍      | 96/276 [00:02<00:04, 42.55it/s]
Training:  37%|███▋      | 101/276 [00:02<00:04, 42.67it/s]
Training:  38%|███▊      | 106/276 [00:02<00:03, 42.55it/s]
Training:  40%|████      | 111/276 [00:02<00:03, 42.58it/s]
Training:  42%|████▏     | 116/276 [00:02<00:03, 42.60it/s]
Training:  44%|████▍     | 121/276 [00:02<00:03, 42.51it/s]
Training:  46%|████▌     | 126/276 [00:03<00:03, 42.42it/s]
Training:  47%|████▋     | 131/276 [00:03<00:03, 42.46it/s]
Training:  49%|████▉     | 136/276 [00:03<00:03, 42.51it/s]
Training:  51%|█████     | 141/276 [00:03<00:03, 42.58it/s]
Training:  53%|█████▎    | 146/276 [00:03<00:03, 42.14it/s]
Training:  55%|█████▍    | 151/276 [00:03<00:02, 42.32it/s]
Training:  57%|█████▋    | 156/276 [00:03<00:02, 41.93it/s]
Training:  58%|█████▊    | 161/276 [00:03<00:02, 42.17it/s]
Training:  60%|██████    | 166/276 [00:03<00:02, 42.19it/s]
Training:  62%|██████▏   | 171/276 [00:04<00:02, 42.24it/s]
Training:  64%|██████▍   | 176/276 [00:04<00:02, 42.21it/s]
Training:  66%|██████▌   | 181/276 [00:04<00:02, 42.33it/s]
Training:  67%|██████▋   | 186/276 [00:04<00:02, 42.27it/s]
Training:  69%|██████▉   | 191/276 [00:04<00:02, 42.32it/s]
Training:  71%|███████   | 196/276 [00:04<00:01, 41.51it/s]
Training:  73%|███████▎  | 201/276 [00:04<00:01, 41.31it/s]
Training:  75%|███████▍  | 206/276 [00:04<00:01, 41.25it/s]
Training:  76%|███████▋  | 211/276 [00:05<00:01, 41.75it/s]
Training:  78%|███████▊  | 216/276 [00:05<00:01, 42.32it/s]
Training:  80%|████████  | 221/276 [00:05<00:01, 42.36it/s]
Training:  82%|████████▏ | 226/276 [00:05<00:01, 42.07it/s]
Training:  84%|████████▎ | 231/276 [00:05<00:01, 42.10it/s]
Training:  86%|████████▌ | 236/276 [00:05<00:00, 42.35it/s]
Training:  87%|████████▋ | 241/276 [00:05<00:00, 41.78it/s]
Training:  89%|████████▉ | 246/276 [00:05<00:00, 42.05it/s]
Training:  91%|█████████ | 251/276 [00:06<00:00, 42.15it/s]
Training:  93%|█████████▎| 256/276 [00:06<00:00, 41.30it/s]
Training:  95%|█████████▍| 261/276 [00:06<00:00, 42.02it/s]
Training:  96%|█████████▋| 266/276 [00:06<00:00, 42.18it/s]
Training:  98%|█████████▊| 271/276 [00:06<00:00, 42.27it/s]
Training: 100%|██████████| 276/276 [00:06<00:00, 43.02it/s]
                                                           

Validation:   0%|          | 0/31 [00:00<?, ?it/s]
Validation:   3%|▎         | 1/31 [00:00<00:03,  7.62it/s]
Validation:  35%|███▌      | 11/31 [00:00<00:00, 50.96it/s]
Validation:  68%|██████▊   | 21/31 [00:00<00:00, 66.54it/s]
Validation: 100%|██████████| 31/31 [00:00<00:00, 77.14it/s]
                                                           

Training:   0%|          | 0/276 [00:00<?, ?it/s]
Training:   0%|          | 1/276 [00:00<00:43,  6.26it/s]
Training:   2%|▏         | 6/276 [00:00<00:10, 25.63it/s]
Training:   4%|▍         | 11/276 [00:00<00:08, 33.04it/s]
Training:   6%|▌         | 16/276 [00:00<00:07, 36.83it/s]
Training:   8%|▊         | 21/276 [00:00<00:06, 39.14it/s]
Training:   9%|▉         | 26/276 [00:00<00:06, 40.20it/s]
Training:  11%|█         | 31/276 [00:00<00:05, 41.09it/s]
Training:  13%|█▎        | 36/276 [00:00<00:05, 41.60it/s]
Training:  15%|█▍        | 41/276 [00:01<00:05, 41.68it/s]
Training:  17%|█▋        | 46/276 [00:01<00:05, 41.96it/s]
Training:  18%|█▊        | 51/276 [00:01<00:05, 43.73it/s]
Training:  20%|██        | 56/276 [00:01<00:04, 45.15it/s]
Training:  22%|██▏       | 61/276 [00:01<00:04, 46.32it/s]
Training:  24%|██▍       | 66/276 [00:01<00:04, 47.11it/s]
Training:  26%|██▌       | 72/276 [00:01<00:04, 48.24it/s]
Training:  28%|██▊       | 77/276 [00:01<00:04, 48.65it/s]
Training:  30%|██▉       | 82/276 [00:01<00:03, 48.88it/s]
Training:  32%|███▏      | 88/276 [00:02<00:03, 49.27it/s]
Training:  34%|███▎      | 93/276 [00:02<00:03, 49.25it/s]
Training:  36%|███▌      | 98/276 [00:02<00:03, 49.14it/s]
Training:  37%|███▋      | 103/276 [00:02<00:03, 48.70it/s]
Training:  39%|███▉      | 108/276 [00:02<00:03, 47.91it/s]
Training:  41%|████▏     | 114/276 [00:02<00:03, 48.93it/s]
Training:  43%|████▎     | 120/276 [00:02<00:03, 49.92it/s]
Training:  46%|████▌     | 126/276 [00:02<00:02, 50.54it/s]
Training:  48%|████▊     | 132/276 [00:02<00:02, 51.14it/s]
Training:  50%|█████     | 138/276 [00:03<00:02, 51.16it/s]
Training:  52%|█████▏    | 144/276 [00:03<00:02, 50.42it/s]
Training:  54%|█████▍    | 150/276 [00:03<00:02, 50.03it/s]
Training:  57%|█████▋    | 156/276 [00:03<00:02, 49.37it/s]
Training:  59%|█████▊    | 162/276 [00:03<00:02, 50.31it/s]
Training:  61%|██████    | 168/276 [00:03<00:02, 50.92it/s]
Training:  63%|██████▎   | 174/276 [00:03<00:02, 50.59it/s]
Training:  65%|██████▌   | 180/276 [00:03<00:01, 50.41it/s]
Training:  67%|██████▋   | 186/276 [00:04<00:01, 50.07it/s]
Training:  70%|██████▉   | 192/276 [00:04<00:01, 49.51it/s]
Training:  71%|███████▏  | 197/276 [00:04<00:01, 49.56it/s]
Training:  74%|███████▎  | 203/276 [00:04<00:01, 49.66it/s]
Training:  75%|███████▌  | 208/276 [00:04<00:01, 49.24it/s]
Training:  77%|███████▋  | 213/276 [00:04<00:01, 49.27it/s]
Training:  79%|███████▉  | 218/276 [00:04<00:01, 48.71it/s]
Training:  81%|████████  | 224/276 [00:04<00:01, 49.88it/s]
Training:  83%|████████▎ | 230/276 [00:04<00:00, 50.24it/s]
Training:  86%|████████▌ | 236/276 [00:05<00:00, 50.56it/s]
Training:  88%|████████▊ | 242/276 [00:05<00:00, 50.83it/s]
Training:  90%|████████▉ | 248/276 [00:05<00:00, 50.30it/s]
Training:  92%|█████████▏| 254/276 [00:05<00:00, 49.86it/s]
Training:  94%|█████████▍| 259/276 [00:05<00:00, 49.23it/s]
Training:  96%|█████████▌| 264/276 [00:05<00:00, 49.19it/s]
Training:  97%|█████████▋| 269/276 [00:05<00:00, 49.32it/s]
Training: 100%|█████████▉| 275/276 [00:05<00:00, 50.04it/s]
                                                           

Validation:   0%|          | 0/31 [00:00<?, ?it/s]
Validation:   3%|▎         | 1/31 [00:00<00:04,  7.09it/s]
Validation:  35%|███▌      | 11/31 [00:00<00:00, 49.66it/s]
Validation:  68%|██████▊   | 21/31 [00:00<00:00, 66.22it/s]
Validation: 100%|██████████| 31/31 [00:00<00:00, 77.51it/s]
                                                           

✓ Copied trained_models/best_lenet_basic.pth -> trained_models/best_lenet_basic_seed42.pth

[Step 2/3] Fine-tuning model...

################################################################################
FINE-TUNING LENET - SEED 42
################################################################################

================================================================================
Fine-tuning LeNet (seed 42)
Command: /home/boyan/anaconda3/bin/python tune.py --ckpt trained_models/best_lenet_basic_seed42.pth --epochs 3 --batch_size 128 --lr 0.0003 --dropout 0.6 --weight_decay 0.0003 --patience 20 --min_delta 0.0 --optimizer adamw --aug advanced
================================================================================
Using device: cuda
Loading weights from checkpoint: trained_models/best_lenet_basic_seed42.pth
Checkpoint loaded (weights only).

Epoch [1/3]
Train Loss: 1.4997, Train Acc: 87.00%
Val   Loss: 1.0865, Val   Acc: 96.67%
Checkpoint saved to: tuned_models/tuned_lenet_lr0.0003_bs128_drop0.6_wd0.0003_presetbalanced.pth
✓ Best model copied to: trained_models/best_lenet_tuned_lr0.0003_bs128_drop0.6_wd0.0003_presetbalanced.pth (Val Acc: 96.67%)
No improvement for 1 epoch(s)

Epoch [2/3]
Train Loss: 1.2763, Train Acc: 90.10%
Val   Loss: 0.9944, Val   Acc: 97.54%
Checkpoint saved to: tuned_models/tuned_lenet_lr0.0003_bs128_drop0.6_wd0.0003_presetbalanced.pth
✓ Best model copied to: trained_models/best_lenet_tuned_lr0.0003_bs128_drop0.6_wd0.0003_presetbalanced.pth (Val Acc: 97.54%)
No improvement for 1 epoch(s)

Epoch [3/3]
Train Loss: 1.1950, Train Acc: 92.33%
Val   Loss: 0.9402, Val   Acc: 98.07%
Checkpoint saved to: tuned_models/tuned_lenet_lr0.0003_bs128_drop0.6_wd0.0003_presetbalanced.pth
✓ Best model copied to: trained_models/best_lenet_tuned_lr0.0003_bs128_drop0.6_wd0.0003_presetbalanced.pth (Val Acc: 98.07%)
No improvement for 1 epoch(s)

Fine-tuning completed.
Best checkpoint (this run): trained_models/best_lenet_tuned_lr0.0003_bs128_drop0.6_wd0.0003_presetbalanced.pth (Val Acc: 98.07%)
Selected best tuned model: tuned_models/LeNet_preset_balanced_lr0.0005_bs128_drop0.5_wd0.0001/tuned_lenet_20251113_155557.pth -> trained_models/best_lenet_tuned_lr0.0005_bs128_drop0.5_wd0.0001_presetbalanced.pth (Acc: 100.00%)
Tune summary written to: records/tune_results.txt

✓ Copied trained_models/best_lenet_tuned_lr0.0003_bs128_drop0.6_wd0.0003_presetbalanced.pth -> trained_models/best_lenet_tuned_seed42.pth

[Step 3/3] Evaluating models...

################################################################################
EVALUATING MODELS - SEED 42
################################################################################
✓ Basic model found: trained_models/best_lenet_basic_seed42.pth
✓ Tuned model found: trained_models/best_lenet_tuned_seed42.pth
Error during evaluation: [Errno 2] No such file or directory: 'trained_models/best_lenet_basic_seed42.pth'
Warning: Could not extract accuracies for seed 42

################################################################################
EXPERIMENT 2/2 - SEED 43
################################################################################


[Step 1/3] Training basic model...

################################################################################
TRAINING BASIC LENET - SEED 43
################################################################################

================================================================================
Training Basic LeNet (seed 43)
Command: /home/boyan/anaconda3/bin/python train.py --epochs 3 --batch_size 128 --lr 0.001 --aug basic
================================================================================
